Vivado Simulator 2020.1.1
Time resolution is 1 ps
                   9@00003000: $ 1 <= 02900000
                  11@00003004: $ 1 <= 02904823
                  13@00003008: $ 1 <= 02904823
                  15@0000300c: $ 1 <= 8be00000
                  17@00003010: $ 1 <= 8be06784
                  19@00003014: $ 2 <= 8be06784
                  21@00003018: $ 1 <= ae100000
                  23@0000301c: $ 1 <= ae103d6c
                  25@00003020: $ 3 <= ae103d6c
                  27@00003024: $ 1 <= cd600000
                  29@00003028: $ 1 <= cd6072ae
                  31@0000302c: $ 4 <= cd6072ae
                  33@00003030: $ 1 <= 95200000
                  35@00003034: $ 1 <= 95205f90
                  37@00003038: $ 5 <= 95205f90
                  39@0000303c: $ 1 <= 64900000
                  41@00003040: $ 1 <= 64906df1
                  43@00003044: $ 6 <= 64906df1
                  45@00003048: $ 1 <= af100000
                  47@0000304c: $ 1 <= af1041bb
                  49@00003050: $ 7 <= af1041bb
                  51@00003054: $ 1 <= 6e900000
                  53@00003058: $ 1 <= 6e9001eb
                  55@0000305c: $ 8 <= 6e9001eb
                  57@00003060: $ 1 <= bb300000
                  59@00003064: $ 1 <= bb302ea6
                  61@00003068: $ 9 <= bb302ea6
                  63@0000306c: $ 1 <= 2db00000
                  65@00003070: $ 1 <= 2db0153c
                  67@00003074: $10 <= 2db0153c
                  69@00003078: $ 1 <= e8700000
                  71@0000307c: $ 1 <= e870390c
                  73@00003080: $11 <= e870390c
                  75@00003084: $ 1 <= f3e00000
                  77@00003088: $ 1 <= f3e00099
                  79@0000308c: $12 <= f3e00099
                  81@00003090: $ 1 <= 12400000
                  83@00003094: $ 1 <= 1240305e
                  85@00003098: $13 <= 1240305e
                  87@0000309c: $ 1 <= 40d00000
                  89@000030a0: $ 1 <= 40d0491c
                  91@000030a4: $14 <= 40d0491c
                  93@000030a8: $ 1 <= d0600000
                  95@000030ac: $ 1 <= d0604db7
                  97@000030b0: $15 <= d0604db7
                  99@000030b4: $ 1 <= 54700000
                 101@000030b8: $ 1 <= 547054de
                 103@000030bc: $16 <= 547054de
                 105@000030c0: $ 1 <= 9b300000
                 107@000030c4: $ 1 <= 9b302d12
                 109@000030c8: $17 <= 9b302d12
                 111@000030cc: $ 1 <= 74d00000
                 113@000030d0: $ 1 <= 74d04dc8
                 115@000030d4: $18 <= 74d04dc8
                 117@000030d8: $ 1 <= 44300000
                 119@000030dc: $ 1 <= 443066bb
                 121@000030e0: $19 <= 443066bb
                 123@000030e4: $ 1 <= 28b00000
                 125@000030e8: $ 1 <= 28b026a6
                 127@000030ec: $20 <= 28b026a6
                 129@000030f0: $ 1 <= 01f00000
                 131@000030f4: $ 1 <= 01f05d03
                 133@000030f8: $21 <= 01f05d03
                 135@000030fc: $ 1 <= a5a00000
                 137@00003100: $ 1 <= a5a0767d
                 139@00003104: $22 <= a5a0767d
                 141@00003108: $ 1 <= 50900000
                 143@0000310c: $ 1 <= 50901238
                 145@00003110: $23 <= 50901238
                 147@00003114: $ 1 <= b2500000
                 149@00003118: $ 1 <= b2501e1f
                 151@0000311c: $24 <= b2501e1f
                 153@00003120: $ 1 <= e5d00000
                 155@00003124: $ 1 <= e5d01ad4
                 157@00003128: $25 <= e5d01ad4
                 159@0000312c: $ 1 <= 3cb00000
                 161@00003130: $ 1 <= 3cb06bfc
                 163@00003134: $26 <= 3cb06bfc
                 165@00003138: $ 1 <= f9600000
                 167@0000313c: $ 1 <= f9607ff5
                 169@00003140: $27 <= f9607ff5
                 171@00003144: $ 1 <= e4500000
                 173@00003148: $ 1 <= e450323b
                 175@0000314c: $28 <= e450323b
                 177@00003150: $ 1 <= 21300000
                 179@00003154: $ 1 <= 2130260d
                 181@00003158: $29 <= 2130260d
                 183@0000315c: $ 1 <= b8900000
                 185@00003160: $ 1 <= b890030a
                 187@00003164: $30 <= b890030a
                 189@00003168: $ 1 <= 01c00000
                 191@0000316c: $ 1 <= 01c00bdb
                 193@00003170: $31 <= 01c00bdb
                 195@00003174: $ 1 <= 6ae00000
                 197@00003178: $ 1 <= 6ae00732
                 199@0000317c: $ 1 <= 6ae00732
                 201@00003180: $ 1 <= 00000000
                 203@00003184: $25 <= 2d6050d2
                 205@00003188: $25 <= 26c0d0c7
                 207@0000318c: $ 5 <= 43309cfc
                 209@00003190: $ 5 <= 2780cf37
                 211@00003194: $20 <= 6bb135f2
                 213@00003198: $20 <= d7626be4
                 215@0000319c: $24 <= af604b07
                 217@000031a0: $24 <= 0960e000
                 219@000031a4: $21 <= 2780cf37
                 225@000031ac: $25 <= 71c03845
                 229@000031b4: $10 <= 1760aec2
                 243@000031bc: $16 <= 4710962a
