Vivado Simulator 2020.1.1
Copyright 1986-1999, 2001-2020 Xilinx, Inc. All Rights Reserved.
Running: C:/Xilinx/Vivado/2020.1/bin/unwrapped/win64.o/xelab.exe -wto f83f2d5b4c634fe3864771fcf085e207 --incr --debug typical --relax --mt 2 -L xil_defaultlib -L unisims_ver -L unimacro_ver -L secureip --snapshot mips_tb_behav xil_defaultlib.mips_tb xil_defaultlib.glbl -log elaborate.log 
Using 2 slave threads.
Starting static elaboration
Pass Through NonSizing Optimizer
Completed static elaboration
Starting simulation data flow analysis
Completed simulation data flow analysis
Time Resolution for simulation is 1ps
Compiling module xil_defaultlib.PC
Compiling module xil_defaultlib.NPC
Compiling module xil_defaultlib.IM
Compiling module xil_defaultlib.GRF
Compiling module xil_defaultlib.EXT
Compiling module xil_defaultlib.ALU
Compiling module xil_defaultlib.DM
Compiling module xil_defaultlib.Controller
Compiling module xil_defaultlib.mips
Compiling module xil_defaultlib.mips_tb
Compiling module xil_defaultlib.glbl
Built simulation snapshot mips_tb_behav
