INFO: [VRFC 10-2263] Analyzing Verilog file "C:/Users/tanta/Documents/Personal/Studies/Undergraduate/ComputerOrganization/Lab/Verilog/SingleCycleMipsCPU/SingleCycleMipsCPU.srcs/sources_1/new/ALU.v" into library xil_defaultlib
INFO: [VRFC 10-311] analyzing module ALU
INFO: [VRFC 10-2263] Analyzing Verilog file "C:/Users/tanta/Documents/Personal/Studies/Undergraduate/ComputerOrganization/Lab/Verilog/SingleCycleMipsCPU/SingleCycleMipsCPU.srcs/sources_1/new/Controller.v" into library xil_defaultlib
INFO: [VRFC 10-311] analyzing module Controller
INFO: [VRFC 10-2263] Analyzing Verilog file "C:/Users/tanta/Documents/Personal/Studies/Undergraduate/ComputerOrganization/Lab/Verilog/SingleCycleMipsCPU/SingleCycleMipsCPU.srcs/sources_1/new/DM.v" into library xil_defaultlib
INFO: [VRFC 10-311] analyzing module DM
INFO: [VRFC 10-2263] Analyzing Verilog file "C:/Users/tanta/Documents/Personal/Studies/Undergraduate/ComputerOrganization/Lab/Verilog/SingleCycleMipsCPU/SingleCycleMipsCPU.srcs/sources_1/new/EXT.v" into library xil_defaultlib
INFO: [VRFC 10-311] analyzing module EXT
INFO: [VRFC 10-2263] Analyzing Verilog file "C:/Users/tanta/Documents/Personal/Studies/Undergraduate/ComputerOrganization/Lab/Verilog/SingleCycleMipsCPU/SingleCycleMipsCPU.srcs/sources_1/new/GRF.v" into library xil_defaultlib
INFO: [VRFC 10-311] analyzing module GRF
INFO: [VRFC 10-2263] Analyzing Verilog file "C:/Users/tanta/Documents/Personal/Studies/Undergraduate/ComputerOrganization/Lab/Verilog/SingleCycleMipsCPU/SingleCycleMipsCPU.srcs/sources_1/new/IM.v" into library xil_defaultlib
INFO: [VRFC 10-311] analyzing module IM
INFO: [VRFC 10-2263] Analyzing Verilog file "C:/Users/tanta/Documents/Personal/Studies/Undergraduate/ComputerOrganization/Lab/Verilog/SingleCycleMipsCPU/SingleCycleMipsCPU.srcs/sources_1/new/NPC.v" into library xil_defaultlib
INFO: [VRFC 10-311] analyzing module NPC
INFO: [VRFC 10-2263] Analyzing Verilog file "C:/Users/tanta/Documents/Personal/Studies/Undergraduate/ComputerOrganization/Lab/Verilog/SingleCycleMipsCPU/SingleCycleMipsCPU.srcs/sources_1/new/PC.v" into library xil_defaultlib
INFO: [VRFC 10-311] analyzing module PC
INFO: [VRFC 10-2263] Analyzing Verilog file "C:/Users/tanta/Documents/Personal/Studies/Undergraduate/ComputerOrganization/Lab/Verilog/SingleCycleMipsCPU/SingleCycleMipsCPU.srcs/sources_1/new/mips2.v" into library xil_defaultlib
INFO: [VRFC 10-311] analyzing module mips
INFO: [VRFC 10-2263] Analyzing Verilog file "C:/Users/tanta/Documents/Personal/Studies/Undergraduate/ComputerOrganization/Lab/Verilog/SingleCycleMipsCPU/SingleCycleMipsCPU.srcs/sim_1/new/mips_tb.v" into library xil_defaultlib
INFO: [VRFC 10-311] analyzing module mips_tb
